{"/Users/youxia/work/github/muou/src/index.ts": {"path":"/Users/youxia/work/github/muou/src/index.ts","statementMap":{"0":{"start":{"line":3,"column":21},"end":{"line":3,"column":46}},"1":{"start":{"line":4,"column":18},"end":{"line":4,"column":27}},"2":{"start":{"line":8,"column":18},"end":{"line":8,"column":20}},"3":{"start":{"line":11,"column":8},"end":{"line":13,"column":null}},"4":{"start":{"line":12,"column":12},"end":{"line":12,"column":19}},"5":{"start":{"line":14,"column":8},"end":{"line":14,"column":27}},"6":{"start":{"line":17,"column":8},"end":{"line":17,"column":44}},"7":{"start":{"line":21,"column":8},"end":{"line":21,"column":35}},"8":{"start":{"line":22,"column":8},"end":{"line":28,"column":11}},"9":{"start":{"line":23,"column":12},"end":{"line":27,"column":15}},"10":{"start":{"line":24,"column":16},"end":{"line":24,"column":31}},"11":{"start":{"line":25,"column":16},"end":{"line":25,"column":24}},"12":{"start":{"line":26,"column":16},"end":{"line":26,"column":35}},"13":{"start":{"line":33,"column":4},"end":{"line":33,"column":55}},"14":{"start":{"line":33,"column":43},"end":{"line":33,"column":55}},"15":{"start":{"line":35,"column":15},"end":{"line":35,"column":51}},"16":{"start":{"line":36,"column":4},"end":{"line":38,"column":null}},"17":{"start":{"line":37,"column":8},"end":{"line":37,"column":39}},"18":{"start":{"line":39,"column":4},"end":{"line":39,"column":34}},"19":{"start":{"line":46,"column":40},"end":{"line":46,"column":42}},"20":{"start":{"line":49,"column":8},"end":{"line":49,"column":null}},"21":{"start":{"line":57,"column":18},"end":{"line":57,"column":26}},"22":{"start":{"line":58,"column":8},"end":{"line":97,"column":11}},"23":{"start":{"line":60,"column":16},"end":{"line":68,"column":null}},"24":{"start":{"line":61,"column":20},"end":{"line":63,"column":null}},"25":{"start":{"line":62,"column":24},"end":{"line":62,"column":45}},"26":{"start":{"line":65,"column":20},"end":{"line":65,"column":41}},"27":{"start":{"line":66,"column":35},"end":{"line":66,"column":60}},"28":{"start":{"line":67,"column":20},"end":{"line":67,"column":42}},"29":{"start":{"line":70,"column":16},"end":{"line":70,"column":58}},"30":{"start":{"line":73,"column":33},"end":{"line":73,"column":57}},"31":{"start":{"line":75,"column":16},"end":{"line":78,"column":null}},"32":{"start":{"line":77,"column":20},"end":{"line":77,"column":32}},"33":{"start":{"line":80,"column":16},"end":{"line":83,"column":null}},"34":{"start":{"line":82,"column":20},"end":{"line":82,"column":42}},"35":{"start":{"line":89,"column":16},"end":{"line":91,"column":null}},"36":{"start":{"line":90,"column":20},"end":{"line":90,"column":43}},"37":{"start":{"line":93,"column":16},"end":{"line":93,"column":58}},"38":{"start":{"line":94,"column":16},"end":{"line":94,"column":35}},"39":{"start":{"line":95,"column":16},"end":{"line":95,"column":28}},"40":{"start":{"line":108,"column":8},"end":{"line":108,"column":34}},"41":{"start":{"line":112,"column":8},"end":{"line":112,"column":20}},"42":{"start":{"line":113,"column":8},"end":{"line":113,"column":33}},"43":{"start":{"line":114,"column":8},"end":{"line":114,"column":13}},"44":{"start":{"line":115,"column":8},"end":{"line":115,"column":22}},"45":{"start":{"line":116,"column":8},"end":{"line":122,"column":null}},"46":{"start":{"line":117,"column":27},"end":{"line":117,"column":47}},"47":{"start":{"line":118,"column":12},"end":{"line":121,"column":15}},"48":{"start":{"line":119,"column":30},"end":{"line":119,"column":50}},"49":{"start":{"line":120,"column":16},"end":{"line":120,"column":42}},"50":{"start":{"line":131,"column":4},"end":{"line":131,"column":24}},"51":{"start":{"line":130,"column":0},"end":{"line":130,"column":16}}},"fnMap":{"0":{"name":"(anonymous_0)","decl":{"start":{"line":10,"column":4},"end":{"line":10,"column":7}},"loc":{"start":{"line":10,"column":17},"end":{"line":15,"column":5}}},"1":{"name":"(anonymous_1)","decl":{"start":{"line":16,"column":4},"end":{"line":16,"column":7}},"loc":{"start":{"line":16,"column":16},"end":{"line":18,"column":5}}},"2":{"name":"(anonymous_2)","decl":{"start":{"line":20,"column":4},"end":{"line":20,"column":10}},"loc":{"start":{"line":20,"column":10},"end":{"line":29,"column":5}}},"3":{"name":"(anonymous_3)","decl":{"start":{"line":22,"column":34},"end":{"line":22,"column":37}},"loc":{"start":{"line":22,"column":39},"end":{"line":28,"column":9}}},"4":{"name":"(anonymous_4)","decl":{"start":{"line":23,"column":30},"end":{"line":23,"column":35}},"loc":{"start":{"line":23,"column":38},"end":{"line":27,"column":13}}},"5":{"name":"observe","decl":{"start":{"line":32,"column":9},"end":{"line":32,"column":16}},"loc":{"start":{"line":32,"column":55},"end":{"line":40,"column":1}}},"6":{"name":"(anonymous_6)","decl":{"start":{"line":48,"column":4},"end":{"line":48,"column":16}},"loc":{"start":{"line":48,"column":23},"end":{"line":50,"column":5}}},"7":{"name":"(anonymous_7)","decl":{"start":{"line":56,"column":12},"end":{"line":56,"column":17}},"loc":{"start":{"line":56,"column":25},"end":{"line":98,"column":5}}},"8":{"name":"(anonymous_8)","decl":{"start":{"line":59,"column":12},"end":{"line":59,"column":15}},"loc":{"start":{"line":59,"column":37},"end":{"line":71,"column":13}}},"9":{"name":"(anonymous_9)","decl":{"start":{"line":72,"column":12},"end":{"line":72,"column":15}},"loc":{"start":{"line":72,"column":44},"end":{"line":96,"column":13}}},"10":{"name":"(anonymous_10)","decl":{"start":{"line":107,"column":4},"end":{"line":107,"column":16}},"loc":{"start":{"line":107,"column":23},"end":{"line":109,"column":5}}},"11":{"name":"(anonymous_11)","decl":{"start":{"line":111,"column":4},"end":{"line":111,"column":10}},"loc":{"start":{"line":111,"column":17},"end":{"line":123,"column":5}}},"12":{"name":"(anonymous_12)","decl":{"start":{"line":116,"column":15},"end":{"line":116,"column":null}},"loc":{"start":{"line":116,"column":15},"end":{"line":122,"column":9}}},"13":{"name":"(anonymous_13)","decl":{"start":{"line":118,"column":28},"end":{"line":118,"column":31}},"loc":{"start":{"line":118,"column":34},"end":{"line":121,"column":13}}},"14":{"name":"muou","decl":{"start":{"line":130,"column":16},"end":{"line":130,"column":20}},"loc":{"start":{"line":130,"column":42},"end":{"line":132,"column":1}}}},"branchMap":{"0":{"loc":{"start":{"line":11,"column":8},"end":{"line":13,"column":null}},"type":"if","locations":[{"start":{"line":11,"column":8},"end":{"line":13,"column":null}}]},"1":{"loc":{"start":{"line":33,"column":4},"end":{"line":33,"column":55}},"type":"if","locations":[{"start":{"line":33,"column":4},"end":{"line":33,"column":55}}]},"2":{"loc":{"start":{"line":33,"column":8},"end":{"line":33,"column":41}},"type":"binary-expr","locations":[{"start":{"line":33,"column":8},"end":{"line":33,"column":13}},{"start":{"line":33,"column":17},"end":{"line":33,"column":41}}]},"3":{"loc":{"start":{"line":60,"column":16},"end":{"line":68,"column":null}},"type":"if","locations":[{"start":{"line":60,"column":16},"end":{"line":68,"column":null}}]},"4":{"loc":{"start":{"line":61,"column":20},"end":{"line":63,"column":null}},"type":"if","locations":[{"start":{"line":61,"column":20},"end":{"line":63,"column":null}}]},"5":{"loc":{"start":{"line":75,"column":16},"end":{"line":78,"column":null}},"type":"if","locations":[{"start":{"line":75,"column":16},"end":{"line":78,"column":null}}]},"6":{"loc":{"start":{"line":80,"column":16},"end":{"line":83,"column":null}},"type":"if","locations":[{"start":{"line":80,"column":16},"end":{"line":83,"column":null}}]},"7":{"loc":{"start":{"line":89,"column":16},"end":{"line":91,"column":null}},"type":"if","locations":[{"start":{"line":89,"column":16},"end":{"line":91,"column":null}}]}},"s":{"0":1,"1":1,"2":4,"3":9,"4":5,"5":4,"6":9,"7":6,"8":6,"9":1,"10":1,"11":1,"12":1,"13":7,"14":4,"15":3,"16":3,"17":5,"18":3,"19":3,"20":3,"21":3,"22":3,"23":15,"24":9,"25":4,"26":9,"27":9,"28":9,"29":15,"30":8,"31":8,"32":1,"33":7,"34":5,"35":7,"36":1,"37":7,"38":7,"39":7,"40":1,"41":1,"42":1,"43":1,"44":1,"45":1,"46":1,"47":1,"48":9,"49":9,"50":1,"51":1},"f":{"0":9,"1":9,"2":6,"3":1,"4":1,"5":7,"6":3,"7":3,"8":15,"9":8,"10":1,"11":1,"12":1,"13":9,"14":1},"b":{"0":[5],"1":[4],"2":[7,7],"3":[9],"4":[4],"5":[1],"6":[5],"7":[1]}}
}
