TN:
SF:src/index.ts
FN:10,(anonymous_0)
FN:16,(anonymous_1)
FN:20,(anonymous_2)
FN:22,(anonymous_3)
FN:23,(anonymous_4)
FN:32,observe
FN:48,(anonymous_6)
FN:56,(anonymous_7)
FN:59,(anonymous_8)
FN:72,(anonymous_9)
FN:107,(anonymous_10)
FN:111,(anonymous_11)
FN:116,(anonymous_12)
FN:118,(anonymous_13)
FN:130,muou
FNF:15
FNH:15
FNDA:9,(anonymous_0)
FNDA:9,(anonymous_1)
FNDA:6,(anonymous_2)
FNDA:1,(anonymous_3)
FNDA:1,(anonymous_4)
FNDA:7,observe
FNDA:3,(anonymous_6)
FNDA:3,(anonymous_7)
FNDA:15,(anonymous_8)
FNDA:8,(anonymous_9)
FNDA:1,(anonymous_10)
FNDA:1,(anonymous_11)
FNDA:1,(anonymous_12)
FNDA:9,(anonymous_13)
FNDA:1,muou
DA:3,1
DA:4,1
DA:8,4
DA:11,9
DA:12,5
DA:14,4
DA:17,9
DA:21,6
DA:22,6
DA:23,1
DA:24,1
DA:25,1
DA:26,1
DA:33,7
DA:35,3
DA:36,3
DA:37,5
DA:39,3
DA:46,3
DA:49,3
DA:57,3
DA:58,3
DA:60,15
DA:61,9
DA:62,4
DA:65,9
DA:66,9
DA:67,9
DA:70,15
DA:73,8
DA:75,8
DA:77,1
DA:80,7
DA:82,5
DA:89,7
DA:90,1
DA:93,7
DA:94,7
DA:95,7
DA:108,1
DA:112,1
DA:113,1
DA:114,1
DA:115,1
DA:116,1
DA:117,1
DA:118,1
DA:119,9
DA:120,9
DA:130,1
DA:131,1
LF:51
LH:51
BRDA:11,0,0,5
BRDA:33,1,0,4
BRDA:33,2,0,7
BRDA:33,2,1,7
BRDA:60,3,0,9
BRDA:61,4,0,4
BRDA:75,5,0,1
BRDA:80,6,0,5
BRDA:89,7,0,1
BRF:9
BRH:9
end_of_record
